<?xml version="1.0" encoding="UTF-8"?>
<!-- Generated by org.testng.reporters.JUnitXMLReporter -->
<testsuite ignored="0" hostname="Srinivas" failures="1" tests="3" name="Test" time="112.708" errors="0" timestamp="2022-03-01T16:36:57 IST">
  <testcase classname="com.testcases.TC_Login_001" name="loginTest" time="15.947"/>
  <testcase classname="com.testcases.LoginDDT" name="loginTest" time="0.0">
    <failure type="org.testng.TestNGException" message="
Method public void com.testcases.LoginDDT.loginTest(java.lang.String,java.lang.String) throws java.lang.InterruptedException requires a @DataProvider named : LoginData">
      <![CDATA[org.testng.TestNGException: 
Method public void com.testcases.LoginDDT.loginTest(java.lang.String,java.lang.String) throws java.lang.InterruptedException requires a @DataProvider named : LoginData
at java.base/java.util.ArrayList.forEach(ArrayList.java:1511)
... Removed 24 stack frames]]>
    </failure>
  </testcase> <!-- loginTest -->
  <testcase classname="com.testcases.TC_AddEmployee_002" name="AddEmpTest" time="27.433"/>
</testsuite> <!-- Test -->
