<?xml version="1.0" encoding="UTF-8"?>
<testng-results ignored="0" total="3" passed="2" failed="1" skipped="0">
  <reporter-output>
  </reporter-output>
  <suite started-at="2022-03-01T16:35:04 IST" name="Suite" finished-at="2022-03-01T16:36:57 IST" duration-ms="112708">
    <groups>
    </groups>
    <test started-at="2022-03-01T16:35:04 IST" name="Test" finished-at="2022-03-01T16:36:57 IST" duration-ms="112708">
      <class name="com.testcases.TC_Login_001">
        <test-method is-config="true" signature="setup(java.lang.String)[pri:0, instance:com.testcases.TC_Login_001@477b4cdf]" started-at="2022-03-01T16:35:04 IST" name="setup" finished-at="2022-03-01T16:35:43 IST" duration-ms="38924" status="PASS">
          <params>
            <param index="0">
              <value>
                <![CDATA[chrome]]>
              </value>
            </param>
          </params>
          <reporter-output>
          </reporter-output>
        </test-method> <!-- setup -->
        <test-method signature="loginTest()[pri:0, instance:com.testcases.TC_Login_001@477b4cdf]" started-at="2022-03-01T16:35:43 IST" name="loginTest" finished-at="2022-03-01T16:35:59 IST" duration-ms="15947" status="PASS">
          <reporter-output>
          </reporter-output>
        </test-method> <!-- loginTest -->
        <test-method is-config="true" signature="tearDown()[pri:0, instance:com.testcases.TC_Login_001@477b4cdf]" started-at="2022-03-01T16:35:59 IST" name="tearDown" finished-at="2022-03-01T16:36:00 IST" duration-ms="931" status="PASS">
          <reporter-output>
          </reporter-output>
        </test-method> <!-- tearDown -->
      </class> <!-- com.testcases.TC_Login_001 -->
      <class name="com.testcases.TC_AddEmployee_002">
        <test-method is-config="true" signature="setup(java.lang.String)[pri:0, instance:com.testcases.TC_AddEmployee_002@3cd3e762]" started-at="2022-03-01T16:36:17 IST" name="setup" finished-at="2022-03-01T16:36:28 IST" duration-ms="10382" status="PASS">
          <params>
            <param index="0">
              <value>
                <![CDATA[chrome]]>
              </value>
            </param>
          </params>
          <reporter-output>
          </reporter-output>
        </test-method> <!-- setup -->
        <test-method signature="AddEmpTest()[pri:0, instance:com.testcases.TC_AddEmployee_002@3cd3e762]" started-at="2022-03-01T16:36:28 IST" name="AddEmpTest" finished-at="2022-03-01T16:36:55 IST" duration-ms="27433" status="PASS">
          <reporter-output>
          </reporter-output>
        </test-method> <!-- AddEmpTest -->
        <test-method is-config="true" signature="tearDown()[pri:0, instance:com.testcases.TC_AddEmployee_002@3cd3e762]" started-at="2022-03-01T16:36:55 IST" name="tearDown" finished-at="2022-03-01T16:36:57 IST" duration-ms="1355" status="PASS">
          <reporter-output>
          </reporter-output>
        </test-method> <!-- tearDown -->
      </class> <!-- com.testcases.TC_AddEmployee_002 -->
      <class name="com.testcases.LoginDDT">
        <test-method is-config="true" signature="setup(java.lang.String)[pri:0, instance:com.testcases.LoginDDT@3b0090a4]" started-at="2022-03-01T16:36:00 IST" name="setup" finished-at="2022-03-01T16:36:17 IST" duration-ms="16909" status="PASS">
          <params>
            <param index="0">
              <value>
                <![CDATA[chrome]]>
              </value>
            </param>
          </params>
          <reporter-output>
          </reporter-output>
        </test-method> <!-- setup -->
        <test-method signature="loginTest(java.lang.String,java.lang.String)[pri:0, instance:com.testcases.LoginDDT@3b0090a4]" started-at="2022-03-01T16:36:17 IST" name="loginTest" finished-at="2022-03-01T16:36:17 IST" duration-ms="0" status="FAIL">
          <exception class="org.testng.TestNGException">
            <message>
              <![CDATA[
Method public void com.testcases.LoginDDT.loginTest(java.lang.String,java.lang.String) throws java.lang.InterruptedException requires a @DataProvider named : LoginData]]>
            </message>
            <full-stacktrace>
              <![CDATA[org.testng.TestNGException: 
Method public void com.testcases.LoginDDT.loginTest(java.lang.String,java.lang.String) throws java.lang.InterruptedException requires a @DataProvider named : LoginData
at org.testng.internal.Parameters.findDataProvider(Parameters.java:516)
at org.testng.internal.Parameters.handleParameters(Parameters.java:739)
at org.testng.internal.Parameters.handleParameters(Parameters.java:704)
at org.testng.internal.invokers.ParameterHandler.handleParameters(ParameterHandler.java:70)
at org.testng.internal.invokers.ParameterHandler.createParameters(ParameterHandler.java:49)
at org.testng.internal.invokers.TestInvoker$MethodInvocationAgent.invoke(TestInvoker.java:904)
at org.testng.internal.invokers.TestInvoker.invokeTestMethods(TestInvoker.java:193)
at org.testng.internal.invokers.TestMethodWorker.invokeTestMethods(TestMethodWorker.java:146)
at org.testng.internal.invokers.TestMethodWorker.run(TestMethodWorker.java:128)
at java.base/java.util.ArrayList.forEach(ArrayList.java:1511)
at org.testng.TestRunner.privateRun(TestRunner.java:808)
at org.testng.TestRunner.run(TestRunner.java:603)
at org.testng.SuiteRunner.runTest(SuiteRunner.java:429)
at org.testng.SuiteRunner.runSequentially(SuiteRunner.java:423)
at org.testng.SuiteRunner.privateRun(SuiteRunner.java:383)
at org.testng.SuiteRunner.run(SuiteRunner.java:326)
at org.testng.SuiteRunnerWorker.runSuite(SuiteRunnerWorker.java:52)
at org.testng.SuiteRunnerWorker.run(SuiteRunnerWorker.java:95)
at org.testng.TestNG.runSuitesSequentially(TestNG.java:1249)
at org.testng.TestNG.runSuitesLocally(TestNG.java:1169)
at org.testng.TestNG.runSuites(TestNG.java:1092)
at org.testng.TestNG.run(TestNG.java:1060)
at org.testng.remote.AbstractRemoteTestNG.run(AbstractRemoteTestNG.java:115)
at org.testng.remote.RemoteTestNG.initAndRun(RemoteTestNG.java:251)
at org.testng.remote.RemoteTestNG.main(RemoteTestNG.java:77)
]]>
            </full-stacktrace>
          </exception> <!-- org.testng.TestNGException -->
          <reporter-output>
          </reporter-output>
        </test-method> <!-- loginTest -->
        <test-method is-config="true" signature="tearDown()[pri:0, instance:com.testcases.LoginDDT@3b0090a4]" started-at="2022-03-01T16:36:17 IST" name="tearDown" finished-at="2022-03-01T16:36:17 IST" duration-ms="700" status="PASS">
          <reporter-output>
          </reporter-output>
        </test-method> <!-- tearDown -->
      </class> <!-- com.testcases.LoginDDT -->
    </test> <!-- Test -->
  </suite> <!-- Suite -->
</testng-results>
